{"D:\\Music\\src\\app\\app.component.html": {"path":"D:\\Music\\src\\app\\app.component.html","statementMap":{"0":{"start":{"line":1,"column":0},"end":{"line":1,"column":154}}},"fnMap":{},"branchMap":{},"s":{"0":1},"f":{},"b":{},"inputSourceMap":null,"_coverageSchema":"1a1c01bbd47fc00a2c39e90264f33305004495a9","hash":"ec1ac42b4b9d3cce1157c0a598ad86ed6a990c9b"}
,"D:\\Music\\src\\app\\app.component.ts": {"path":"D:\\Music\\src\\app\\app.component.ts","statementMap":{"0":{"start":{"line":1,"column":0},"end":{"line":1,"column":42}},"1":{"start":{"line":8,"column":0},"end":{"line":10,"column":null}},"2":{"start":{"line":9,"column":2},"end":{"line":9,"column":23}},"3":{"start":{"line":8,"column":13},"end":{"line":10,"column":null}},"4":{"start":{"line":8,"column":13},"end":{"line":8,"column":25}}},"fnMap":{"0":{"name":"(anonymous_0)","decl":{"start":{"line":8,"column":0},"end":{"line":8,"column":13}},"loc":{"start":{"line":8,"column":0},"end":{"line":10,"column":1}}}},"branchMap":{},"s":{"0":1,"1":1,"2":2,"3":1,"4":1},"f":{"0":2},"b":{}}
,"D:\\Music\\src\\app\\theme-color.ts": {"path":"D:\\Music\\src\\app\\theme-color.ts","statementMap":{"0":{"start":{"line":6,"column":15},"end":{"line":13,"column":4}},"1":{"start":{"line":15,"column":15},"end":{"line":22,"column":4}}},"fnMap":{},"branchMap":{},"s":{"0":1,"1":1},"f":{},"b":{}}
,"D:\\Music\\src\\app\\components\\Music\\add-music\\add-music.component.html": {"path":"D:\\Music\\src\\app\\components\\Music\\add-music\\add-music.component.html","statementMap":{"0":{"start":{"line":1,"column":0},"end":{"line":1,"column":778}}},"fnMap":{},"branchMap":{},"s":{"0":1},"f":{},"b":{},"inputSourceMap":null,"_coverageSchema":"1a1c01bbd47fc00a2c39e90264f33305004495a9","hash":"a1072087999b54856a924913dffeb9208ca9f0ed"}
,"D:\\Music\\src\\app\\components\\Music\\add-music\\add-music.component.ts": {"path":"D:\\Music\\src\\app\\components\\Music\\add-music\\add-music.component.ts","statementMap":{"0":{"start":{"line":1,"column":0},"end":{"line":1,"column":50}},"1":{"start":{"line":3,"column":0},"end":{"line":3,"column":39}},"2":{"start":{"line":7,"column":0},"end":{"line":7,"column":36}},"3":{"start":{"line":8,"column":0},"end":{"line":8,"column":75}},"4":{"start":{"line":15,"column":0},"end":{"line":39,"column":null}},"5":{"start":{"line":17,"column":22},"end":{"line":17,"column":30}},"6":{"start":{"line":18,"column":21},"end":{"line":18,"column":28}},"7":{"start":{"line":19,"column":14},"end":{"line":22,"column":null}},"8":{"start":{"line":31,"column":20},"end":{"line":34,"column":6}},"9":{"start":{"line":35,"column":4},"end":{"line":35,"column":48}},"10":{"start":{"line":36,"column":4},"end":{"line":36,"column":42}},"11":{"start":{"line":37,"column":4},"end":{"line":37,"column":42}},"12":{"start":{"line":15,"column":13},"end":{"line":39,"column":null}},"13":{"start":{"line":15,"column":13},"end":{"line":15,"column":30}}},"fnMap":{"0":{"name":"(anonymous_0)","decl":{"start":{"line":17,"column":2},"end":{"line":17,"column":22}},"loc":{"start":{"line":18,"column":43},"end":{"line":18,"column":48}}},"1":{"name":"(anonymous_1)","decl":{"start":{"line":26,"column":2},"end":{"line":26,"column":10}},"loc":{"start":{"line":26,"column":10},"end":{"line":28,"column":3}}},"2":{"name":"(anonymous_2)","decl":{"start":{"line":30,"column":2},"end":{"line":30,"column":10}},"loc":{"start":{"line":30,"column":10},"end":{"line":38,"column":3}}}},"branchMap":{},"s":{"0":1,"1":1,"2":1,"3":1,"4":1,"5":1,"6":1,"7":1,"8":0,"9":0,"10":0,"11":0,"12":1,"13":1},"f":{"0":1,"1":1,"2":0},"b":{}}
,"D:\\Music\\src\\app\\components\\Music\\edit-music\\edit-music.component.html": {"path":"D:\\Music\\src\\app\\components\\Music\\edit-music\\edit-music.component.html","statementMap":{"0":{"start":{"line":1,"column":0},"end":{"line":1,"column":770}}},"fnMap":{},"branchMap":{},"s":{"0":1},"f":{},"b":{},"inputSourceMap":null,"_coverageSchema":"1a1c01bbd47fc00a2c39e90264f33305004495a9","hash":"af242fde5152ebc8229c6bc12b42f798fbf53f05"}
,"D:\\Music\\src\\app\\components\\Music\\edit-music\\edit-music.component.ts": {"path":"D:\\Music\\src\\app\\components\\Music\\edit-music\\edit-music.component.ts","statementMap":{"0":{"start":{"line":1,"column":0},"end":{"line":1,"column":50}},"1":{"start":{"line":2,"column":0},"end":{"line":2,"column":55}},"2":{"start":{"line":3,"column":0},"end":{"line":3,"column":56}},"3":{"start":{"line":5,"column":0},"end":{"line":5,"column":36}},"4":{"start":{"line":6,"column":0},"end":{"line":6,"column":61}},"5":{"start":{"line":9,"column":0},"end":{"line":9,"column":70}},"6":{"start":{"line":10,"column":0},"end":{"line":10,"column":77}},"7":{"start":{"line":17,"column":0},"end":{"line":66,"column":null}},"8":{"start":{"line":27,"column":11},"end":{"line":27,"column":24}},"9":{"start":{"line":28,"column":12},"end":{"line":28,"column":19}},"10":{"start":{"line":29,"column":12},"end":{"line":29,"column":19}},"11":{"start":{"line":30,"column":11},"end":{"line":30,"column":16}},"12":{"start":{"line":31,"column":12},"end":{"line":31,"column":20}},"13":{"start":{"line":34,"column":4},"end":{"line":34,"column":56}},"14":{"start":{"line":39,"column":6},"end":{"line":39,"column":54}},"15":{"start":{"line":40,"column":6},"end":{"line":42,"column":9}},"16":{"start":{"line":41,"column":6},"end":{"line":41,"column":23}},"17":{"start":{"line":44,"column":6},"end":{"line":47,"column":null}},"18":{"start":{"line":49,"column":6},"end":{"line":53,"column":9}},"19":{"start":{"line":51,"column":7},"end":{"line":51,"column":29}},"20":{"start":{"line":52,"column":8},"end":{"line":52,"column":37}},"21":{"start":{"line":58,"column":24},"end":{"line":61,"column":10}},"22":{"start":{"line":62,"column":8},"end":{"line":62,"column":55}},"23":{"start":{"line":63,"column":8},"end":{"line":63,"column":46}},"24":{"start":{"line":64,"column":8},"end":{"line":64,"column":49}},"25":{"start":{"line":17,"column":13},"end":{"line":66,"column":null}},"26":{"start":{"line":17,"column":13},"end":{"line":17,"column":31}}},"fnMap":{"0":{"name":"(anonymous_0)","decl":{"start":{"line":26,"column":2},"end":{"line":26,"column":null}},"loc":{"start":{"line":31,"column":26},"end":{"line":35,"column":3}}},"1":{"name":"(anonymous_1)","decl":{"start":{"line":37,"column":2},"end":{"line":37,"column":10}},"loc":{"start":{"line":37,"column":10},"end":{"line":55,"column":5}}},"2":{"name":"(anonymous_2)","decl":{"start":{"line":40,"column":56},"end":{"line":40,"column":57}},"loc":{"start":{"line":40,"column":70},"end":{"line":42,"column":7}}},"3":{"name":"(anonymous_3)","decl":{"start":{"line":50,"column":18},"end":{"line":50,"column":22}},"loc":{"start":{"line":50,"column":25},"end":{"line":53,"column":7}}},"4":{"name":"(anonymous_4)","decl":{"start":{"line":57,"column":3},"end":{"line":57,"column":9}},"loc":{"start":{"line":57,"column":9},"end":{"line":65,"column":7}}}},"branchMap":{},"s":{"0":1,"1":1,"2":1,"3":1,"4":1,"5":1,"6":1,"7":1,"8":1,"9":1,"10":1,"11":1,"12":1,"13":1,"14":1,"15":1,"16":0,"17":1,"18":1,"19":0,"20":0,"21":0,"22":0,"23":0,"24":0,"25":1,"26":1},"f":{"0":1,"1":1,"2":0,"3":0,"4":0},"b":{}}
,"D:\\Music\\src\\app\\components\\Music\\list-music\\list-music.component.html": {"path":"D:\\Music\\src\\app\\components\\Music\\list-music\\list-music.component.html","statementMap":{"0":{"start":{"line":1,"column":0},"end":{"line":1,"column":700}}},"fnMap":{},"branchMap":{},"s":{"0":1},"f":{},"b":{},"inputSourceMap":null,"_coverageSchema":"1a1c01bbd47fc00a2c39e90264f33305004495a9","hash":"769f05cdbb332e0b6104f2116be6f216abc5978a"}
,"D:\\Music\\src\\app\\components\\Music\\list-music\\list-music.component.ts": {"path":"D:\\Music\\src\\app\\components\\Music\\list-music\\list-music.component.ts","statementMap":{"0":{"start":{"line":1,"column":0},"end":{"line":1,"column":50}},"1":{"start":{"line":2,"column":0},"end":{"line":2,"column":61}},"2":{"start":{"line":3,"column":0},"end":{"line":3,"column":71}},"3":{"start":{"line":4,"column":0},"end":{"line":4,"column":34}},"4":{"start":{"line":5,"column":0},"end":{"line":5,"column":66}},"5":{"start":{"line":13,"column":0},"end":{"line":39,"column":null}},"6":{"start":{"line":20,"column":21},"end":{"line":20,"column":35}},"7":{"start":{"line":20,"column":55},"end":{"line":20,"column":62}},"8":{"start":{"line":16,"column":2},"end":{"line":16,"column":28}},"9":{"start":{"line":21,"column":4},"end":{"line":21,"column":56}},"10":{"start":{"line":25,"column":4},"end":{"line":25,"column":42}},"11":{"start":{"line":26,"column":4},"end":{"line":28,"column":7}},"12":{"start":{"line":27,"column":6},"end":{"line":27,"column":38}},"13":{"start":{"line":33,"column":4},"end":{"line":35,"column":null}},"14":{"start":{"line":34,"column":9},"end":{"line":34,"column":66}},"15":{"start":{"line":34,"column":50},"end":{"line":34,"column":64}},"16":{"start":{"line":13,"column":13},"end":{"line":39,"column":null}},"17":{"start":{"line":13,"column":13},"end":{"line":13,"column":31}}},"fnMap":{"0":{"name":"(anonymous_0)","decl":{"start":{"line":20,"column":2},"end":{"line":20,"column":21}},"loc":{"start":{"line":20,"column":77},"end":{"line":22,"column":3}}},"1":{"name":"(anonymous_1)","decl":{"start":{"line":23,"column":2},"end":{"line":23,"column":10}},"loc":{"start":{"line":23,"column":10},"end":{"line":30,"column":3}}},"2":{"name":"(anonymous_2)","decl":{"start":{"line":26,"column":25},"end":{"line":26,"column":29}},"loc":{"start":{"line":26,"column":32},"end":{"line":28,"column":5}}},"3":{"name":"(anonymous_3)","decl":{"start":{"line":32,"column":2},"end":{"line":32,"column":13}},"loc":{"start":{"line":32,"column":16},"end":{"line":36,"column":4}}},"4":{"name":"(anonymous_4)","decl":{"start":{"line":33,"column":48},"end":{"line":33,"column":51}},"loc":{"start":{"line":33,"column":54},"end":{"line":35,"column":5}}},"5":{"name":"(anonymous_5)","decl":{"start":{"line":34,"column":42},"end":{"line":34,"column":46}},"loc":{"start":{"line":34,"column":50},"end":{"line":34,"column":64}}}},"branchMap":{},"s":{"0":1,"1":1,"2":1,"3":1,"4":1,"5":1,"6":1,"7":1,"8":1,"9":1,"10":1,"11":1,"12":1,"13":0,"14":0,"15":0,"16":1,"17":1},"f":{"0":1,"1":1,"2":1,"3":0,"4":0,"5":0},"b":{}}
,"D:\\Music\\src\\app\\components\\landing\\landing.component.html": {"path":"D:\\Music\\src\\app\\components\\landing\\landing.component.html","statementMap":{"0":{"start":{"line":1,"column":0},"end":{"line":1,"column":316}}},"fnMap":{},"branchMap":{},"s":{"0":1},"f":{},"b":{},"inputSourceMap":null,"_coverageSchema":"1a1c01bbd47fc00a2c39e90264f33305004495a9","hash":"57652bb423ab7b00e4810d0a14b9b07c2bd82010"}
,"D:\\Music\\src\\app\\components\\landing\\landing.component.ts": {"path":"D:\\Music\\src\\app\\components\\landing\\landing.component.ts","statementMap":{"0":{"start":{"line":1,"column":0},"end":{"line":1,"column":50}},"1":{"start":{"line":2,"column":0},"end":{"line":2,"column":36}},"2":{"start":{"line":4,"column":0},"end":{"line":4,"column":58}},"3":{"start":{"line":8,"column":0},"end":{"line":8,"column":67}},"4":{"start":{"line":9,"column":0},"end":{"line":9,"column":58}},"5":{"start":{"line":16,"column":0},"end":{"line":47,"column":null}},"6":{"start":{"line":26,"column":12},"end":{"line":26,"column":19}},"7":{"start":{"line":26,"column":44},"end":{"line":26,"column":56}},"8":{"start":{"line":20,"column":2},"end":{"line":20,"column":14}},"9":{"start":{"line":21,"column":2},"end":{"line":21,"column":22}},"10":{"start":{"line":27,"column":5},"end":{"line":27,"column":56}},"11":{"start":{"line":31,"column":4},"end":{"line":35,"column":7}},"12":{"start":{"line":32,"column":6},"end":{"line":32,"column":51}},"13":{"start":{"line":33,"column":6},"end":{"line":33,"column":29}},"14":{"start":{"line":34,"column":6},"end":{"line":34,"column":45}},"15":{"start":{"line":37,"column":4},"end":{"line":40,"column":null}},"16":{"start":{"line":39,"column":8},"end":{"line":39,"column":null}},"17":{"start":{"line":44,"column":4},"end":{"line":44,"column":36}},"18":{"start":{"line":16,"column":13},"end":{"line":47,"column":null}},"19":{"start":{"line":16,"column":13},"end":{"line":16,"column":29}}},"fnMap":{"0":{"name":"(anonymous_0)","decl":{"start":{"line":25,"column":2},"end":{"line":25,"column":null}},"loc":{"start":{"line":26,"column":67},"end":{"line":28,"column":3}}},"1":{"name":"(anonymous_1)","decl":{"start":{"line":30,"column":2},"end":{"line":30,"column":10}},"loc":{"start":{"line":30,"column":10},"end":{"line":41,"column":3}}},"2":{"name":"(anonymous_2)","decl":{"start":{"line":31,"column":28},"end":{"line":31,"column":29}},"loc":{"start":{"line":31,"column":38},"end":{"line":35,"column":5}}},"3":{"name":"(anonymous_3)","decl":{"start":{"line":38,"column":17},"end":{"line":38,"column":21}},"loc":{"start":{"line":38,"column":24},"end":{"line":40,"column":7}}},"4":{"name":"(anonymous_4)","decl":{"start":{"line":43,"column":2},"end":{"line":43,"column":8}},"loc":{"start":{"line":43,"column":8},"end":{"line":45,"column":3}}}},"branchMap":{},"s":{"0":1,"1":1,"2":1,"3":1,"4":1,"5":1,"6":1,"7":1,"8":1,"9":1,"10":1,"11":1,"12":1,"13":0,"14":0,"15":1,"16":0,"17":0,"18":1,"19":1},"f":{"0":1,"1":1,"2":1,"3":0,"4":0},"b":{}}
,"D:\\Music\\src\\app\\components\\log-in\\log-in.component.html": {"path":"D:\\Music\\src\\app\\components\\log-in\\log-in.component.html","statementMap":{"0":{"start":{"line":1,"column":0},"end":{"line":1,"column":978}}},"fnMap":{},"branchMap":{},"s":{"0":1},"f":{},"b":{},"inputSourceMap":null,"_coverageSchema":"1a1c01bbd47fc00a2c39e90264f33305004495a9","hash":"68d25567c91ee409e7b24498146d3a8bdd421637"}
,"D:\\Music\\src\\app\\components\\log-in\\log-in.component.ts": {"path":"D:\\Music\\src\\app\\components\\log-in\\log-in.component.ts","statementMap":{"0":{"start":{"line":1,"column":0},"end":{"line":1,"column":50}},"1":{"start":{"line":2,"column":0},"end":{"line":2,"column":36}},"2":{"start":{"line":6,"column":0},"end":{"line":6,"column":41}},"3":{"start":{"line":7,"column":0},"end":{"line":7,"column":58}},"4":{"start":{"line":8,"column":0},"end":{"line":8,"column":68}},"5":{"start":{"line":9,"column":0},"end":{"line":9,"column":57}},"6":{"start":{"line":16,"column":0},"end":{"line":53,"column":null}},"7":{"start":{"line":24,"column":22},"end":{"line":24,"column":29}},"8":{"start":{"line":24,"column":53},"end":{"line":24,"column":66}},"9":{"start":{"line":18,"column":2},"end":{"line":18,"column":26}},"10":{"start":{"line":22,"column":2},"end":{"line":22,"column":25}},"11":{"start":{"line":25,"column":4},"end":{"line":25,"column":55}},"12":{"start":{"line":29,"column":4},"end":{"line":31,"column":7}},"13":{"start":{"line":30,"column":6},"end":{"line":30,"column":45}},"14":{"start":{"line":35,"column":4},"end":{"line":50,"column":7}},"15":{"start":{"line":36,"column":6},"end":{"line":36,"column":36}},"16":{"start":{"line":37,"column":19},"end":{"line":37,"column":104}},"17":{"start":{"line":37,"column":34},"end":{"line":37,"column":104}},"18":{"start":{"line":38,"column":6},"end":{"line":49,"column":null}},"19":{"start":{"line":39,"column":24},"end":{"line":42,"column":10}},"20":{"start":{"line":43,"column":8},"end":{"line":43,"column":48}},"21":{"start":{"line":45,"column":8},"end":{"line":45,"column":35}},"22":{"start":{"line":46,"column":8},"end":{"line":48,"column":17}},"23":{"start":{"line":47,"column":10},"end":{"line":47,"column":38}},"24":{"start":{"line":16,"column":13},"end":{"line":53,"column":null}},"25":{"start":{"line":16,"column":13},"end":{"line":16,"column":27}}},"fnMap":{"0":{"name":"(anonymous_0)","decl":{"start":{"line":24,"column":2},"end":{"line":24,"column":22}},"loc":{"start":{"line":24,"column":77},"end":{"line":26,"column":3}}},"1":{"name":"(anonymous_1)","decl":{"start":{"line":28,"column":2},"end":{"line":28,"column":10}},"loc":{"start":{"line":28,"column":10},"end":{"line":32,"column":3}}},"2":{"name":"(anonymous_2)","decl":{"start":{"line":29,"column":28},"end":{"line":29,"column":29}},"loc":{"start":{"line":29,"column":38},"end":{"line":31,"column":5}}},"3":{"name":"(anonymous_3)","decl":{"start":{"line":34,"column":2},"end":{"line":34,"column":10}},"loc":{"start":{"line":34,"column":10},"end":{"line":51,"column":3}}},"4":{"name":"(anonymous_4)","decl":{"start":{"line":35,"column":47},"end":{"line":35,"column":48}},"loc":{"start":{"line":35,"column":60},"end":{"line":50,"column":5}}},"5":{"name":"(anonymous_5)","decl":{"start":{"line":37,"column":19},"end":{"line":37,"column":20}},"loc":{"start":{"line":37,"column":34},"end":{"line":37,"column":104}}},"6":{"name":"(anonymous_6)","decl":{"start":{"line":46,"column":19},"end":{"line":46,"column":22}},"loc":{"start":{"line":46,"column":24},"end":{"line":48,"column":9}}}},"branchMap":{"0":{"loc":{"start":{"line":37,"column":34},"end":{"line":37,"column":64}},"type":"binary-expr","locations":[{"start":{"line":37,"column":34},"end":{"line":37,"column":64}},{"start":{"line":37,"column":68},"end":{"line":37,"column":104}}]},"1":{"loc":{"start":{"line":38,"column":6},"end":{"line":49,"column":null}},"type":"if","locations":[{"start":{"line":38,"column":6},"end":{"line":49,"column":null}},{"start":{"line":38,"column":6},"end":{"line":49,"column":null}}]}},"s":{"0":1,"1":1,"2":1,"3":1,"4":1,"5":1,"6":1,"7":1,"8":1,"9":1,"10":1,"11":1,"12":1,"13":1,"14":0,"15":0,"16":0,"17":0,"18":0,"19":0,"20":0,"21":0,"22":0,"23":0,"24":1,"25":1},"f":{"0":1,"1":1,"2":1,"3":0,"4":0,"5":0,"6":0},"b":{"0":[0,0],"1":[0,0]}}
,"D:\\Music\\src\\app\\components\\sign-up\\sign-up.component.html": {"path":"D:\\Music\\src\\app\\components\\sign-up\\sign-up.component.html","statementMap":{"0":{"start":{"line":1,"column":0},"end":{"line":1,"column":1064}}},"fnMap":{},"branchMap":{},"s":{"0":1},"f":{},"b":{},"inputSourceMap":null,"_coverageSchema":"1a1c01bbd47fc00a2c39e90264f33305004495a9","hash":"af78f39d53ac90bae7c47c2e38c16c4aaa44945d"}
,"D:\\Music\\src\\app\\components\\sign-up\\sign-up.component.ts": {"path":"D:\\Music\\src\\app\\components\\sign-up\\sign-up.component.ts","statementMap":{"0":{"start":{"line":1,"column":0},"end":{"line":1,"column":50}},"1":{"start":{"line":2,"column":0},"end":{"line":2,"column":36}},"2":{"start":{"line":4,"column":0},"end":{"line":4,"column":41}},"3":{"start":{"line":5,"column":0},"end":{"line":5,"column":67}},"4":{"start":{"line":6,"column":0},"end":{"line":6,"column":58}},"5":{"start":{"line":13,"column":0},"end":{"line":38,"column":null}},"6":{"start":{"line":20,"column":12},"end":{"line":20,"column":19}},"7":{"start":{"line":15,"column":2},"end":{"line":15,"column":26}},"8":{"start":{"line":22,"column":5},"end":{"line":22,"column":56}},"9":{"start":{"line":26,"column":4},"end":{"line":28,"column":7}},"10":{"start":{"line":27,"column":6},"end":{"line":27,"column":45}},"11":{"start":{"line":31,"column":20},"end":{"line":34,"column":6}},"12":{"start":{"line":35,"column":4},"end":{"line":35,"column":45}},"13":{"start":{"line":13,"column":13},"end":{"line":38,"column":null}},"14":{"start":{"line":13,"column":13},"end":{"line":13,"column":28}}},"fnMap":{"0":{"name":"(anonymous_0)","decl":{"start":{"line":19,"column":2},"end":{"line":19,"column":null}},"loc":{"start":{"line":20,"column":34},"end":{"line":23,"column":5}}},"1":{"name":"(anonymous_1)","decl":{"start":{"line":25,"column":2},"end":{"line":25,"column":10}},"loc":{"start":{"line":25,"column":10},"end":{"line":29,"column":3}}},"2":{"name":"(anonymous_2)","decl":{"start":{"line":26,"column":28},"end":{"line":26,"column":29}},"loc":{"start":{"line":26,"column":38},"end":{"line":28,"column":5}}},"3":{"name":"(anonymous_3)","decl":{"start":{"line":30,"column":2},"end":{"line":30,"column":10}},"loc":{"start":{"line":30,"column":10},"end":{"line":37,"column":3}}}},"branchMap":{},"s":{"0":1,"1":1,"2":1,"3":1,"4":1,"5":1,"6":1,"7":1,"8":1,"9":1,"10":1,"11":0,"12":0,"13":1,"14":1},"f":{"0":1,"1":1,"2":1,"3":0},"b":{}}
,"D:\\Music\\src\\app\\header\\header.component.html": {"path":"D:\\Music\\src\\app\\header\\header.component.html","statementMap":{"0":{"start":{"line":1,"column":0},"end":{"line":1,"column":1150}}},"fnMap":{},"branchMap":{},"s":{"0":1},"f":{},"b":{},"inputSourceMap":null,"_coverageSchema":"1a1c01bbd47fc00a2c39e90264f33305004495a9","hash":"f0cfe22735ec972689763b97d8f162bd60f55e57"}
,"D:\\Music\\src\\app\\header\\header.component.ts": {"path":"D:\\Music\\src\\app\\header\\header.component.ts","statementMap":{"0":{"start":{"line":1,"column":0},"end":{"line":1,"column":50}},"1":{"start":{"line":2,"column":0},"end":{"line":2,"column":41}},"2":{"start":{"line":3,"column":0},"end":{"line":3,"column":36}},"3":{"start":{"line":7,"column":0},"end":{"line":7,"column":63}},"4":{"start":{"line":8,"column":0},"end":{"line":8,"column":55}},"5":{"start":{"line":9,"column":0},"end":{"line":9,"column":65}},"6":{"start":{"line":17,"column":0},"end":{"line":49,"column":null}},"7":{"start":{"line":25,"column":22},"end":{"line":25,"column":29}},"8":{"start":{"line":25,"column":54},"end":{"line":25,"column":62}},"9":{"start":{"line":25,"column":78},"end":{"line":25,"column":92}},"10":{"start":{"line":22,"column":2},"end":{"line":22,"column":14}},"11":{"start":{"line":23,"column":2},"end":{"line":23,"column":18}},"12":{"start":{"line":24,"column":2},"end":{"line":24,"column":22}},"13":{"start":{"line":26,"column":4},"end":{"line":26,"column":55}},"14":{"start":{"line":30,"column":4},"end":{"line":34,"column":7}},"15":{"start":{"line":31,"column":6},"end":{"line":31,"column":51}},"16":{"start":{"line":32,"column":6},"end":{"line":32,"column":29}},"17":{"start":{"line":33,"column":6},"end":{"line":33,"column":45}},"18":{"start":{"line":38,"column":4},"end":{"line":42,"column":null}},"19":{"start":{"line":39,"column":6},"end":{"line":39,"column":40}},"20":{"start":{"line":41,"column":6},"end":{"line":41,"column":39}},"21":{"start":{"line":46,"column":4},"end":{"line":46,"column":38}},"22":{"start":{"line":47,"column":4},"end":{"line":47,"column":35}},"23":{"start":{"line":17,"column":13},"end":{"line":49,"column":null}},"24":{"start":{"line":17,"column":13},"end":{"line":17,"column":28}}},"fnMap":{"0":{"name":"(anonymous_0)","decl":{"start":{"line":25,"column":2},"end":{"line":25,"column":22}},"loc":{"start":{"line":25,"column":104},"end":{"line":27,"column":3}}},"1":{"name":"(anonymous_1)","decl":{"start":{"line":29,"column":2},"end":{"line":29,"column":10}},"loc":{"start":{"line":29,"column":10},"end":{"line":35,"column":3}}},"2":{"name":"(anonymous_2)","decl":{"start":{"line":30,"column":28},"end":{"line":30,"column":29}},"loc":{"start":{"line":30,"column":38},"end":{"line":34,"column":5}}},"3":{"name":"(anonymous_3)","decl":{"start":{"line":37,"column":2},"end":{"line":37,"column":13}},"loc":{"start":{"line":37,"column":13},"end":{"line":43,"column":3}}},"4":{"name":"(anonymous_4)","decl":{"start":{"line":45,"column":9},"end":{"line":45,"column":15}},"loc":{"start":{"line":45,"column":15},"end":{"line":48,"column":3}}}},"branchMap":{"0":{"loc":{"start":{"line":38,"column":4},"end":{"line":42,"column":null}},"type":"if","locations":[{"start":{"line":38,"column":4},"end":{"line":42,"column":null}},{"start":{"line":38,"column":4},"end":{"line":42,"column":null}}]}},"s":{"0":1,"1":1,"2":1,"3":1,"4":1,"5":1,"6":1,"7":1,"8":1,"9":1,"10":1,"11":1,"12":1,"13":1,"14":1,"15":1,"16":0,"17":0,"18":0,"19":0,"20":0,"21":0,"22":0,"23":1,"24":1},"f":{"0":1,"1":1,"2":1,"3":0,"4":0},"b":{"0":[0,0]}}
,"D:\\Music\\src\\app\\models\\user.ts": {"path":"D:\\Music\\src\\app\\models\\user.ts","statementMap":{"0":{"start":{"line":1,"column":0},"end":{"line":1,"column":13}}},"fnMap":{},"branchMap":{},"s":{"0":2},"f":{},"b":{}}
,"D:\\Music\\src\\app\\services\\auth.service.ts": {"path":"D:\\Music\\src\\app\\services\\auth.service.ts","statementMap":{"0":{"start":{"line":1,"column":0},"end":{"line":1,"column":63}},"1":{"start":{"line":2,"column":0},"end":{"line":2,"column":43}},"2":{"start":{"line":3,"column":0},"end":{"line":3,"column":46}},"3":{"start":{"line":4,"column":0},"end":{"line":4,"column":42}},"4":{"start":{"line":13,"column":0},"end":{"line":118,"column":null}},"5":{"start":{"line":33,"column":22},"end":{"line":33,"column":28}},"6":{"start":{"line":14,"column":12},"end":{"line":14,"column":47}},"7":{"start":{"line":28,"column":2},"end":{"line":32,"column":null}},"8":{"start":{"line":34,"column":4},"end":{"line":34,"column":27}},"9":{"start":{"line":19,"column":4},"end":{"line":19,"column":27}},"10":{"start":{"line":22,"column":4},"end":{"line":22,"column":30}},"11":{"start":{"line":25,"column":4},"end":{"line":25,"column":41}},"12":{"start":{"line":43,"column":16},"end":{"line":43,"column":40}},"13":{"start":{"line":44,"column":4},"end":{"line":47,"column":null}},"14":{"start":{"line":51,"column":16},"end":{"line":51,"column":43}},"15":{"start":{"line":52,"column":2},"end":{"line":55,"column":null}},"16":{"start":{"line":59,"column":16},"end":{"line":59,"column":43}},"17":{"start":{"line":60,"column":4},"end":{"line":63,"column":null}},"18":{"start":{"line":66,"column":16},"end":{"line":66,"column":41}},"19":{"start":{"line":67,"column":4},"end":{"line":70,"column":null}},"20":{"start":{"line":74,"column":16},"end":{"line":74,"column":42}},"21":{"start":{"line":75,"column":4},"end":{"line":78,"column":null}},"22":{"start":{"line":82,"column":16},"end":{"line":82,"column":41}},"23":{"start":{"line":83,"column":4},"end":{"line":86,"column":null}},"24":{"start":{"line":90,"column":16},"end":{"line":90,"column":41}},"25":{"start":{"line":91,"column":4},"end":{"line":94,"column":null}},"26":{"start":{"line":98,"column":16},"end":{"line":98,"column":42}},"27":{"start":{"line":99,"column":4},"end":{"line":102,"column":null}},"28":{"start":{"line":106,"column":23},"end":{"line":106,"column":25}},"29":{"start":{"line":107,"column":4},"end":{"line":113,"column":null}},"30":{"start":{"line":109,"column":6},"end":{"line":109,"column":41}},"31":{"start":{"line":112,"column":6},"end":{"line":112,"column":78}},"32":{"start":{"line":114,"column":4},"end":{"line":114,"column":30}},"33":{"start":{"line":115,"column":4},"end":{"line":115,"column":36}},"34":{"start":{"line":13,"column":13},"end":{"line":118,"column":null}},"35":{"start":{"line":13,"column":13},"end":{"line":13,"column":24}}},"fnMap":{"0":{"name":"(anonymous_0)","decl":{"start":{"line":33,"column":2},"end":{"line":33,"column":22}},"loc":{"start":{"line":33,"column":38},"end":{"line":35,"column":4}}},"1":{"name":"(anonymous_1)","decl":{"start":{"line":18,"column":2},"end":{"line":18,"column":6}},"loc":{"start":{"line":18,"column":18},"end":{"line":20,"column":3}}},"2":{"name":"(anonymous_2)","decl":{"start":{"line":21,"column":2},"end":{"line":21,"column":6}},"loc":{"start":{"line":21,"column":34},"end":{"line":23,"column":3}}},"3":{"name":"(anonymous_3)","decl":{"start":{"line":24,"column":2},"end":{"line":24,"column":10}},"loc":{"start":{"line":24,"column":10},"end":{"line":26,"column":3}}},"4":{"name":"(anonymous_4)","decl":{"start":{"line":42,"column":2},"end":{"line":42,"column":7}},"loc":{"start":{"line":42,"column":39},"end":{"line":48,"column":3}}},"5":{"name":"(anonymous_5)","decl":{"start":{"line":50,"column":2},"end":{"line":50,"column":15}},"loc":{"start":{"line":50,"column":15},"end":{"line":56,"column":5}}},"6":{"name":"(anonymous_6)","decl":{"start":{"line":58,"column":2},"end":{"line":58,"column":8}},"loc":{"start":{"line":58,"column":40},"end":{"line":64,"column":3}}},"7":{"name":"(anonymous_7)","decl":{"start":{"line":65,"column":2},"end":{"line":65,"column":14}},"loc":{"start":{"line":65,"column":14},"end":{"line":71,"column":3}}},"8":{"name":"(anonymous_8)","decl":{"start":{"line":73,"column":2},"end":{"line":73,"column":14}},"loc":{"start":{"line":73,"column":25},"end":{"line":79,"column":3}}},"9":{"name":"(anonymous_9)","decl":{"start":{"line":81,"column":2},"end":{"line":81,"column":13}},"loc":{"start":{"line":81,"column":41},"end":{"line":87,"column":3}}},"10":{"name":"(anonymous_10)","decl":{"start":{"line":89,"column":2},"end":{"line":89,"column":13}},"loc":{"start":{"line":89,"column":16},"end":{"line":95,"column":3}}},"11":{"name":"(anonymous_11)","decl":{"start":{"line":97,"column":2},"end":{"line":97,"column":13}},"loc":{"start":{"line":97,"column":22},"end":{"line":103,"column":3}}},"12":{"name":"(anonymous_12)","decl":{"start":{"line":105,"column":2},"end":{"line":105,"column":14}},"loc":{"start":{"line":105,"column":20},"end":{"line":116,"column":2}}}},"branchMap":{"0":{"loc":{"start":{"line":107,"column":4},"end":{"line":113,"column":null}},"type":"if","locations":[{"start":{"line":107,"column":4},"end":{"line":113,"column":null}},{"start":{"line":107,"column":4},"end":{"line":113,"column":null}}]}},"s":{"0":9,"1":9,"2":9,"3":9,"4":9,"5":8,"6":8,"7":8,"8":8,"9":0,"10":8,"11":0,"12":0,"13":0,"14":0,"15":0,"16":1,"17":1,"18":1,"19":1,"20":2,"21":2,"22":0,"23":0,"24":0,"25":0,"26":0,"27":0,"28":0,"29":0,"30":0,"31":0,"32":0,"33":0,"34":9,"35":9},"f":{"0":8,"1":0,"2":8,"3":0,"4":0,"5":0,"6":1,"7":1,"8":2,"9":0,"10":0,"11":0,"12":0},"b":{"0":[0,0]}}
,"D:\\Music\\src\\app\\services\\theme-color.service.ts": {"path":"D:\\Music\\src\\app\\services\\theme-color.service.ts","statementMap":{"0":{"start":{"line":1,"column":0},"end":{"line":1,"column":43}},"1":{"start":{"line":2,"column":0},"end":{"line":2,"column":52}},"2":{"start":{"line":6,"column":0},"end":{"line":42,"column":null}},"3":{"start":{"line":9,"column":10},"end":{"line":9,"column":32}},"4":{"start":{"line":10,"column":10},"end":{"line":10,"column":51}},"5":{"start":{"line":13,"column":4},"end":{"line":13,"column":32}},"6":{"start":{"line":17,"column":4},"end":{"line":17,"column":23}},"7":{"start":{"line":21,"column":4},"end":{"line":21,"column":42}},"8":{"start":{"line":25,"column":4},"end":{"line":25,"column":30}},"9":{"start":{"line":29,"column":4},"end":{"line":29,"column":31}},"10":{"start":{"line":33,"column":4},"end":{"line":33,"column":24}},"11":{"start":{"line":35,"column":4},"end":{"line":40,"column":7}},"12":{"start":{"line":36,"column":6},"end":{"line":39,"column":8}},"13":{"start":{"line":6,"column":13},"end":{"line":42,"column":null}},"14":{"start":{"line":6,"column":13},"end":{"line":6,"column":25}}},"fnMap":{"0":{"name":"(anonymous_0)","decl":{"start":{"line":8,"column":2},"end":{"line":8,"column":18}},"loc":{"start":{"line":8,"column":2},"end":{"line":8,"column":19}}},"1":{"name":"(anonymous_1)","decl":{"start":{"line":12,"column":2},"end":{"line":12,"column":20}},"loc":{"start":{"line":12,"column":20},"end":{"line":14,"column":3}}},"2":{"name":"(anonymous_2)","decl":{"start":{"line":16,"column":2},"end":{"line":16,"column":16}},"loc":{"start":{"line":16,"column":16},"end":{"line":18,"column":3}}},"3":{"name":"(anonymous_3)","decl":{"start":{"line":20,"column":2},"end":{"line":20,"column":13}},"loc":{"start":{"line":20,"column":13},"end":{"line":22,"column":3}}},"4":{"name":"(anonymous_4)","decl":{"start":{"line":24,"column":2},"end":{"line":24,"column":14}},"loc":{"start":{"line":24,"column":14},"end":{"line":26,"column":3}}},"5":{"name":"(anonymous_5)","decl":{"start":{"line":28,"column":2},"end":{"line":28,"column":15}},"loc":{"start":{"line":28,"column":15},"end":{"line":30,"column":3}}},"6":{"name":"(anonymous_6)","decl":{"start":{"line":32,"column":2},"end":{"line":32,"column":16}},"loc":{"start":{"line":32,"column":29},"end":{"line":41,"column":3}}},"7":{"name":"(anonymous_7)","decl":{"start":{"line":35,"column":48},"end":{"line":35,"column":56}},"loc":{"start":{"line":35,"column":59},"end":{"line":40,"column":5}}}},"branchMap":{},"s":{"0":1,"1":1,"2":1,"3":1,"4":1,"5":0,"6":0,"7":0,"8":0,"9":0,"10":0,"11":0,"12":0,"13":1,"14":1},"f":{"0":1,"1":0,"2":0,"3":0,"4":0,"5":0,"6":0,"7":0},"b":{}}
,"D:\\Music\\src\\app\\store\\app.states.ts": {"path":"D:\\Music\\src\\app\\store\\app.states.ts","statementMap":{"0":{"start":{"line":1,"column":0},"end":{"line":1,"column":52}},"1":{"start":{"line":2,"column":0},"end":{"line":2,"column":49}},"2":{"start":{"line":4,"column":0},"end":{"line":4,"column":51}},"3":{"start":{"line":13,"column":13},"end":{"line":16,"column":4}},"4":{"start":{"line":18,"column":15},"end":{"line":18,"column":73}},"5":{"start":{"line":19,"column":15},"end":{"line":19,"column":75}}},"fnMap":{},"branchMap":{},"s":{"0":6,"1":6,"2":6,"3":6,"4":6,"5":6},"f":{},"b":{}}
,"D:\\Music\\src\\app\\store\\actions\\auth.actions.ts": {"path":"D:\\Music\\src\\app\\store\\actions\\auth.actions.ts","statementMap":{"0":{"start":{"line":6,"column":0},"end":{"line":6,"column":null}},"1":{"start":{"line":7,"column":2},"end":{"line":7,"column":null}},"2":{"start":{"line":8,"column":2},"end":{"line":8,"column":null}},"3":{"start":{"line":9,"column":2},"end":{"line":9,"column":null}},"4":{"start":{"line":10,"column":2},"end":{"line":10,"column":null}},"5":{"start":{"line":11,"column":2},"end":{"line":11,"column":null}},"6":{"start":{"line":12,"column":2},"end":{"line":12,"column":null}},"7":{"start":{"line":13,"column":2},"end":{"line":13,"column":null}},"8":{"start":{"line":18,"column":21},"end":{"line":18,"column":33}},"9":{"start":{"line":17,"column":11},"end":{"line":17,"column":40}},"10":{"start":{"line":16,"column":0},"end":{"line":16,"column":13}},"11":{"start":{"line":23,"column":21},"end":{"line":23,"column":33}},"12":{"start":{"line":22,"column":11},"end":{"line":22,"column":48}},"13":{"start":{"line":21,"column":0},"end":{"line":21,"column":13}},"14":{"start":{"line":28,"column":23},"end":{"line":28,"column":35}},"15":{"start":{"line":27,"column":13},"end":{"line":27,"column":50}},"16":{"start":{"line":26,"column":0},"end":{"line":26,"column":13}},"17":{"start":{"line":33,"column":23},"end":{"line":33,"column":35}},"18":{"start":{"line":32,"column":13},"end":{"line":32,"column":43}},"19":{"start":{"line":31,"column":2},"end":{"line":31,"column":15}},"20":{"start":{"line":38,"column":23},"end":{"line":38,"column":35}},"21":{"start":{"line":37,"column":13},"end":{"line":37,"column":51}},"22":{"start":{"line":36,"column":2},"end":{"line":36,"column":15}},"23":{"start":{"line":43,"column":23},"end":{"line":43,"column":35}},"24":{"start":{"line":42,"column":13},"end":{"line":42,"column":51}},"25":{"start":{"line":41,"column":2},"end":{"line":41,"column":15}},"26":{"start":{"line":47,"column":13},"end":{"line":47,"column":43}},"27":{"start":{"line":46,"column":2},"end":{"line":46,"column":15}}},"fnMap":{"0":{"name":"(anonymous_0)","decl":{"start":{"line":6,"column":0},"end":{"line":6,"column":12}},"loc":{"start":{"line":6,"column":27},"end":{"line":14,"column":1}}},"1":{"name":"(anonymous_1)","decl":{"start":{"line":18,"column":2},"end":{"line":18,"column":21}},"loc":{"start":{"line":18,"column":33},"end":{"line":18,"column":37}}},"2":{"name":"(anonymous_2)","decl":{"start":{"line":23,"column":2},"end":{"line":23,"column":21}},"loc":{"start":{"line":23,"column":33},"end":{"line":23,"column":37}}},"3":{"name":"(anonymous_3)","decl":{"start":{"line":28,"column":4},"end":{"line":28,"column":23}},"loc":{"start":{"line":28,"column":35},"end":{"line":28,"column":39}}},"4":{"name":"(anonymous_4)","decl":{"start":{"line":33,"column":4},"end":{"line":33,"column":23}},"loc":{"start":{"line":33,"column":35},"end":{"line":33,"column":39}}},"5":{"name":"(anonymous_5)","decl":{"start":{"line":38,"column":4},"end":{"line":38,"column":23}},"loc":{"start":{"line":38,"column":35},"end":{"line":38,"column":39}}},"6":{"name":"(anonymous_6)","decl":{"start":{"line":43,"column":4},"end":{"line":43,"column":23}},"loc":{"start":{"line":43,"column":35},"end":{"line":43,"column":39}}},"7":{"name":"(anonymous_7)","decl":{"start":{"line":46,"column":2},"end":{"line":46,"column":15}},"loc":{"start":{"line":46,"column":2},"end":{"line":48,"column":3}}}},"branchMap":{"0":{"loc":{"start":{"line":6,"column":12},"end":{"line":6,"column":27}},"type":"binary-expr","locations":[{"start":{"line":6,"column":12},"end":{"line":6,"column":27}},{"start":{"line":6,"column":12},"end":{"line":6,"column":null}}]}},"s":{"0":6,"1":6,"2":6,"3":6,"4":6,"5":6,"6":6,"7":6,"8":0,"9":0,"10":6,"11":0,"12":0,"13":6,"14":0,"15":0,"16":6,"17":0,"18":0,"19":6,"20":0,"21":0,"22":6,"23":0,"24":0,"25":6,"26":0,"27":6},"f":{"0":6,"1":0,"2":0,"3":0,"4":0,"5":0,"6":0,"7":0},"b":{"0":[6,6]}}
,"D:\\Music\\src\\app\\store\\actions\\music.actions.ts": {"path":"D:\\Music\\src\\app\\store\\actions\\music.actions.ts","statementMap":{"0":{"start":{"line":5,"column":13},"end":{"line":5,"column":49}},"1":{"start":{"line":6,"column":13},"end":{"line":6,"column":47}},"2":{"start":{"line":7,"column":13},"end":{"line":7,"column":53}},"3":{"start":{"line":8,"column":13},"end":{"line":8,"column":54}},"4":{"start":{"line":9,"column":13},"end":{"line":9,"column":54}},"5":{"start":{"line":10,"column":13},"end":{"line":10,"column":55}},"6":{"start":{"line":11,"column":13},"end":{"line":11,"column":67}},"7":{"start":{"line":12,"column":13},"end":{"line":12,"column":67}},"8":{"start":{"line":18,"column":11},"end":{"line":18,"column":30}},"9":{"start":{"line":16,"column":6},"end":{"line":16,"column":49}},"10":{"start":{"line":14,"column":0},"end":{"line":14,"column":13}},"11":{"start":{"line":23,"column":23},"end":{"line":23,"column":39}},"12":{"start":{"line":22,"column":13},"end":{"line":22,"column":38}},"13":{"start":{"line":21,"column":0},"end":{"line":21,"column":13}},"14":{"start":{"line":29,"column":21},"end":{"line":29,"column":33}},"15":{"start":{"line":27,"column":11},"end":{"line":27,"column":29}},"16":{"start":{"line":26,"column":0},"end":{"line":26,"column":13}},"17":{"start":{"line":34,"column":21},"end":{"line":34,"column":33}},"18":{"start":{"line":33,"column":11},"end":{"line":33,"column":35}},"19":{"start":{"line":32,"column":0},"end":{"line":32,"column":13}},"20":{"start":{"line":40,"column":21},"end":{"line":40,"column":66}},"21":{"start":{"line":38,"column":11},"end":{"line":38,"column":32}},"22":{"start":{"line":37,"column":0},"end":{"line":37,"column":13}},"23":{"start":{"line":46,"column":21},"end":{"line":46,"column":36}},"24":{"start":{"line":44,"column":11},"end":{"line":44,"column":32}},"25":{"start":{"line":43,"column":0},"end":{"line":43,"column":13}},"26":{"start":{"line":51,"column":23},"end":{"line":51,"column":37}},"27":{"start":{"line":50,"column":13},"end":{"line":50,"column":41}},"28":{"start":{"line":49,"column":0},"end":{"line":49,"column":13}},"29":{"start":{"line":55,"column":13},"end":{"line":55,"column":41}},"30":{"start":{"line":54,"column":2},"end":{"line":54,"column":15}}},"fnMap":{"0":{"name":"(anonymous_0)","decl":{"start":{"line":14,"column":0},"end":{"line":14,"column":13}},"loc":{"start":{"line":14,"column":0},"end":{"line":19,"column":1}}},"1":{"name":"(anonymous_1)","decl":{"start":{"line":15,"column":2},"end":{"line":15,"column":7}},"loc":{"start":{"line":15,"column":18},"end":{"line":17,"column":3}}},"2":{"name":"(anonymous_2)","decl":{"start":{"line":23,"column":4},"end":{"line":23,"column":23}},"loc":{"start":{"line":23,"column":39},"end":{"line":23,"column":43}}},"3":{"name":"(anonymous_3)","decl":{"start":{"line":29,"column":2},"end":{"line":29,"column":21}},"loc":{"start":{"line":29,"column":33},"end":{"line":29,"column":37}}},"4":{"name":"(anonymous_4)","decl":{"start":{"line":34,"column":2},"end":{"line":34,"column":21}},"loc":{"start":{"line":34,"column":33},"end":{"line":34,"column":37}}},"5":{"name":"(anonymous_5)","decl":{"start":{"line":40,"column":2},"end":{"line":40,"column":21}},"loc":{"start":{"line":40,"column":66},"end":{"line":40,"column":70}}},"6":{"name":"(anonymous_6)","decl":{"start":{"line":46,"column":2},"end":{"line":46,"column":21}},"loc":{"start":{"line":46,"column":36},"end":{"line":46,"column":40}}},"7":{"name":"(anonymous_7)","decl":{"start":{"line":51,"column":4},"end":{"line":51,"column":23}},"loc":{"start":{"line":51,"column":37},"end":{"line":51,"column":41}}},"8":{"name":"(anonymous_8)","decl":{"start":{"line":54,"column":2},"end":{"line":54,"column":15}},"loc":{"start":{"line":54,"column":2},"end":{"line":56,"column":5}}}},"branchMap":{},"s":{"0":7,"1":7,"2":7,"3":7,"4":7,"5":7,"6":7,"7":7,"8":1,"9":0,"10":7,"11":0,"12":0,"13":7,"14":0,"15":0,"16":7,"17":0,"18":0,"19":7,"20":0,"21":0,"22":7,"23":0,"24":0,"25":7,"26":0,"27":0,"28":7,"29":0,"30":7},"f":{"0":1,"1":0,"2":0,"3":0,"4":0,"5":0,"6":0,"7":0,"8":0},"b":{}}
,"D:\\Music\\src\\app\\store\\reducers\\auth.reducers.ts": {"path":"D:\\Music\\src\\app\\store\\reducers\\auth.reducers.ts","statementMap":{"0":{"start":{"line":2,"column":0},"end":{"line":2,"column":63}},"1":{"start":{"line":11,"column":13},"end":{"line":15,"column":4}},"2":{"start":{"line":18,"column":4},"end":{"line":53,"column":null}},"3":{"start":{"line":20,"column":8},"end":{"line":27,"column":null}},"4":{"start":{"line":31,"column":8},"end":{"line":33,"column":null}},"5":{"start":{"line":37,"column":8},"end":{"line":44,"column":null}},"6":{"start":{"line":48,"column":8},"end":{"line":48,"column":28}},"7":{"start":{"line":51,"column":8},"end":{"line":51,"column":21}},"8":{"start":{"line":17,"column":2},"end":{"line":17,"column":18}}},"fnMap":{"0":{"name":"reducer","decl":{"start":{"line":17,"column":18},"end":{"line":17,"column":25}},"loc":{"start":{"line":17,"column":59},"end":{"line":54,"column":3}}}},"branchMap":{"0":{"loc":{"start":{"line":17,"column":34},"end":{"line":17,"column":46}},"type":"default-arg","locations":[{"start":{"line":17,"column":34},"end":{"line":17,"column":46}}]},"1":{"loc":{"start":{"line":19,"column":6},"end":{"line":29,"column":null}},"type":"switch","locations":[{"start":{"line":19,"column":6},"end":{"line":29,"column":null}},{"start":{"line":30,"column":6},"end":{"line":35,"column":null}},{"start":{"line":36,"column":6},"end":{"line":46,"column":null}},{"start":{"line":47,"column":6},"end":{"line":49,"column":null}},{"start":{"line":50,"column":6},"end":{"line":52,"column":null}}]}},"s":{"0":6,"1":6,"2":0,"3":0,"4":0,"5":0,"6":0,"7":0,"8":6},"f":{"0":0},"b":{"0":[0],"1":[0,0,0,0,0]}}
,"D:\\Music\\src\\app\\store\\reducers\\music.reducers.ts": {"path":"D:\\Music\\src\\app\\store\\reducers\\music.reducers.ts","statementMap":{"0":{"start":{"line":2,"column":0},"end":{"line":2,"column":null}},"1":{"start":{"line":13,"column":28},"end":{"line":17,"column":2}},"2":{"start":{"line":26,"column":2},"end":{"line":69,"column":null}},"3":{"start":{"line":29,"column":6},"end":{"line":31,"column":null}},"4":{"start":{"line":34,"column":8},"end":{"line":37,"column":10}},"5":{"start":{"line":40,"column":10},"end":{"line":41,"column":null}},"6":{"start":{"line":45,"column":12},"end":{"line":46,"column":null}},"7":{"start":{"line":50,"column":8},"end":{"line":51,"column":null}},"8":{"start":{"line":56,"column":8},"end":{"line":57,"column":null}},"9":{"start":{"line":61,"column":10},"end":{"line":64,"column":null}},"10":{"start":{"line":68,"column":6},"end":{"line":68,"column":19}},"11":{"start":{"line":19,"column":0},"end":{"line":19,"column":16}}},"fnMap":{"0":{"name":"musicReducer","decl":{"start":{"line":19,"column":16},"end":{"line":19,"column":28}},"loc":{"start":{"line":21,"column":23},"end":{"line":70,"column":1}}}},"branchMap":{"0":{"loc":{"start":{"line":20,"column":10},"end":{"line":20,"column":22}},"type":"default-arg","locations":[{"start":{"line":20,"column":10},"end":{"line":20,"column":22}}]},"1":{"loc":{"start":{"line":28,"column":4},"end":{"line":31,"column":null}},"type":"switch","locations":[{"start":{"line":28,"column":4},"end":{"line":31,"column":null}},{"start":{"line":33,"column":6},"end":{"line":38,"column":null}},{"start":{"line":39,"column":6},"end":{"line":43,"column":null}},{"start":{"line":44,"column":6},"end":{"line":48,"column":null}},{"start":{"line":49,"column":6},"end":{"line":53,"column":null}},{"start":{"line":55,"column":6},"end":{"line":59,"column":null}},{"start":{"line":60,"column":8},"end":{"line":66,"column":null}},{"start":{"line":67,"column":5},"end":{"line":68,"column":19}}]}},"s":{"0":6,"1":6,"2":0,"3":0,"4":0,"5":0,"6":0,"7":0,"8":0,"9":0,"10":0,"11":6},"f":{"0":0},"b":{"0":[0],"1":[0,0,0,0,0,0,0,0]}}
}
