TN:
SF:src\app\app.component.html
FNF:0
FNH:0
DA:1,1
LF:1
LH:1
BRF:0
BRH:0
end_of_record
TN:
SF:src\app\app.component.ts
FN:8,(anonymous_0)
FNF:1
FNH:1
FNDA:2,(anonymous_0)
DA:1,1
DA:8,1
DA:9,2
LF:3
LH:3
BRF:0
BRH:0
end_of_record
TN:
SF:src\app\theme-color.ts
FNF:0
FNH:0
DA:6,1
DA:15,1
LF:2
LH:2
BRF:0
BRH:0
end_of_record
TN:
SF:src\app\components\Music\add-music\add-music.component.html
FNF:0
FNH:0
DA:1,1
LF:1
LH:1
BRF:0
BRH:0
end_of_record
TN:
SF:src\app\components\Music\add-music\add-music.component.ts
FN:17,(anonymous_0)
FN:26,(anonymous_1)
FN:30,(anonymous_2)
FNF:3
FNH:2
FNDA:1,(anonymous_0)
FNDA:1,(anonymous_1)
FNDA:0,(anonymous_2)
DA:1,1
DA:3,1
DA:7,1
DA:8,1
DA:15,1
DA:17,1
DA:18,1
DA:19,1
DA:31,0
DA:35,0
DA:36,0
DA:37,0
LF:12
LH:8
BRF:0
BRH:0
end_of_record
TN:
SF:src\app\components\Music\edit-music\edit-music.component.html
FNF:0
FNH:0
DA:1,1
LF:1
LH:1
BRF:0
BRH:0
end_of_record
TN:
SF:src\app\components\Music\edit-music\edit-music.component.ts
FN:26,(anonymous_0)
FN:37,(anonymous_1)
FN:40,(anonymous_2)
FN:50,(anonymous_3)
FN:57,(anonymous_4)
FNF:5
FNH:2
FNDA:1,(anonymous_0)
FNDA:1,(anonymous_1)
FNDA:0,(anonymous_2)
FNDA:0,(anonymous_3)
FNDA:0,(anonymous_4)
DA:1,1
DA:2,1
DA:3,1
DA:5,1
DA:6,1
DA:9,1
DA:10,1
DA:17,1
DA:27,1
DA:28,1
DA:29,1
DA:30,1
DA:31,1
DA:34,1
DA:39,1
DA:40,1
DA:41,0
DA:44,1
DA:49,1
DA:51,0
DA:52,0
DA:58,0
DA:62,0
DA:63,0
DA:64,0
LF:25
LH:18
BRF:0
BRH:0
end_of_record
TN:
SF:src\app\components\Music\list-music\list-music.component.html
FNF:0
FNH:0
DA:1,1
LF:1
LH:1
BRF:0
BRH:0
end_of_record
TN:
SF:src\app\components\Music\list-music\list-music.component.ts
FN:20,(anonymous_0)
FN:23,(anonymous_1)
FN:26,(anonymous_2)
FN:32,(anonymous_3)
FN:33,(anonymous_4)
FN:34,(anonymous_5)
FNF:6
FNH:3
FNDA:1,(anonymous_0)
FNDA:1,(anonymous_1)
FNDA:1,(anonymous_2)
FNDA:0,(anonymous_3)
FNDA:0,(anonymous_4)
FNDA:0,(anonymous_5)
DA:1,1
DA:2,1
DA:3,1
DA:4,1
DA:5,1
DA:13,1
DA:16,1
DA:20,1
DA:21,1
DA:25,1
DA:26,1
DA:27,1
DA:33,0
DA:34,0
LF:14
LH:12
BRF:0
BRH:0
end_of_record
TN:
SF:src\app\components\landing\landing.component.html
FNF:0
FNH:0
DA:1,1
LF:1
LH:1
BRF:0
BRH:0
end_of_record
TN:
SF:src\app\components\landing\landing.component.ts
FN:25,(anonymous_0)
FN:30,(anonymous_1)
FN:31,(anonymous_2)
FN:38,(anonymous_3)
FN:43,(anonymous_4)
FNF:5
FNH:3
FNDA:1,(anonymous_0)
FNDA:1,(anonymous_1)
FNDA:1,(anonymous_2)
FNDA:0,(anonymous_3)
FNDA:0,(anonymous_4)
DA:1,1
DA:2,1
DA:4,1
DA:8,1
DA:9,1
DA:16,1
DA:20,1
DA:21,1
DA:26,1
DA:27,1
DA:31,1
DA:32,1
DA:33,0
DA:34,0
DA:37,1
DA:39,0
DA:44,0
LF:17
LH:13
BRF:0
BRH:0
end_of_record
TN:
SF:src\app\components\log-in\log-in.component.html
FNF:0
FNH:0
DA:1,1
LF:1
LH:1
BRF:0
BRH:0
end_of_record
TN:
SF:src\app\components\log-in\log-in.component.ts
FN:24,(anonymous_0)
FN:28,(anonymous_1)
FN:29,(anonymous_2)
FN:34,(anonymous_3)
FN:35,(anonymous_4)
FN:37,(anonymous_5)
FN:46,(anonymous_6)
FNF:7
FNH:3
FNDA:1,(anonymous_0)
FNDA:1,(anonymous_1)
FNDA:1,(anonymous_2)
FNDA:0,(anonymous_3)
FNDA:0,(anonymous_4)
FNDA:0,(anonymous_5)
FNDA:0,(anonymous_6)
DA:1,1
DA:2,1
DA:6,1
DA:7,1
DA:8,1
DA:9,1
DA:16,1
DA:18,1
DA:22,1
DA:24,1
DA:25,1
DA:29,1
DA:30,1
DA:35,0
DA:36,0
DA:37,0
DA:38,0
DA:39,0
DA:43,0
DA:45,0
DA:46,0
DA:47,0
LF:22
LH:13
BRDA:37,0,0,0
BRDA:37,0,1,0
BRDA:38,1,0,0
BRDA:38,1,1,0
BRF:4
BRH:0
end_of_record
TN:
SF:src\app\components\sign-up\sign-up.component.html
FNF:0
FNH:0
DA:1,1
LF:1
LH:1
BRF:0
BRH:0
end_of_record
TN:
SF:src\app\components\sign-up\sign-up.component.ts
FN:19,(anonymous_0)
FN:25,(anonymous_1)
FN:26,(anonymous_2)
FN:30,(anonymous_3)
FNF:4
FNH:3
FNDA:1,(anonymous_0)
FNDA:1,(anonymous_1)
FNDA:1,(anonymous_2)
FNDA:0,(anonymous_3)
DA:1,1
DA:2,1
DA:4,1
DA:5,1
DA:6,1
DA:13,1
DA:15,1
DA:20,1
DA:22,1
DA:26,1
DA:27,1
DA:31,0
DA:35,0
LF:13
LH:11
BRF:0
BRH:0
end_of_record
TN:
SF:src\app\header\header.component.html
FNF:0
FNH:0
DA:1,1
LF:1
LH:1
BRF:0
BRH:0
end_of_record
TN:
SF:src\app\header\header.component.ts
FN:25,(anonymous_0)
FN:29,(anonymous_1)
FN:30,(anonymous_2)
FN:37,(anonymous_3)
FN:45,(anonymous_4)
FNF:5
FNH:3
FNDA:1,(anonymous_0)
FNDA:1,(anonymous_1)
FNDA:1,(anonymous_2)
FNDA:0,(anonymous_3)
FNDA:0,(anonymous_4)
DA:1,1
DA:2,1
DA:3,1
DA:7,1
DA:8,1
DA:9,1
DA:17,1
DA:22,1
DA:23,1
DA:24,1
DA:25,1
DA:26,1
DA:30,1
DA:31,1
DA:32,0
DA:33,0
DA:38,0
DA:39,0
DA:41,0
DA:46,0
DA:47,0
LF:21
LH:14
BRDA:38,0,0,0
BRDA:38,0,1,0
BRF:2
BRH:0
end_of_record
TN:
SF:src\app\models\user.ts
FNF:0
FNH:0
DA:1,2
LF:1
LH:1
BRF:0
BRH:0
end_of_record
TN:
SF:src\app\services\auth.service.ts
FN:33,(anonymous_0)
FN:18,(anonymous_1)
FN:21,(anonymous_2)
FN:24,(anonymous_3)
FN:42,(anonymous_4)
FN:50,(anonymous_5)
FN:58,(anonymous_6)
FN:65,(anonymous_7)
FN:73,(anonymous_8)
FN:81,(anonymous_9)
FN:89,(anonymous_10)
FN:97,(anonymous_11)
FN:105,(anonymous_12)
FNF:13
FNH:5
FNDA:8,(anonymous_0)
FNDA:0,(anonymous_1)
FNDA:8,(anonymous_2)
FNDA:0,(anonymous_3)
FNDA:0,(anonymous_4)
FNDA:0,(anonymous_5)
FNDA:1,(anonymous_6)
FNDA:1,(anonymous_7)
FNDA:2,(anonymous_8)
FNDA:0,(anonymous_9)
FNDA:0,(anonymous_10)
FNDA:0,(anonymous_11)
FNDA:0,(anonymous_12)
DA:1,9
DA:2,9
DA:3,9
DA:4,9
DA:13,9
DA:14,8
DA:19,0
DA:22,8
DA:25,0
DA:28,8
DA:33,8
DA:34,8
DA:43,0
DA:44,0
DA:51,0
DA:52,0
DA:59,1
DA:60,1
DA:66,1
DA:67,1
DA:74,2
DA:75,2
DA:82,0
DA:83,0
DA:90,0
DA:91,0
DA:98,0
DA:99,0
DA:106,0
DA:107,0
DA:109,0
DA:112,0
DA:114,0
DA:115,0
LF:34
LH:16
BRDA:107,0,0,0
BRDA:107,0,1,0
BRF:2
BRH:0
end_of_record
TN:
SF:src\app\services\theme-color.service.ts
FN:8,(anonymous_0)
FN:12,(anonymous_1)
FN:16,(anonymous_2)
FN:20,(anonymous_3)
FN:24,(anonymous_4)
FN:28,(anonymous_5)
FN:32,(anonymous_6)
FN:35,(anonymous_7)
FNF:8
FNH:1
FNDA:1,(anonymous_0)
FNDA:0,(anonymous_1)
FNDA:0,(anonymous_2)
FNDA:0,(anonymous_3)
FNDA:0,(anonymous_4)
FNDA:0,(anonymous_5)
FNDA:0,(anonymous_6)
FNDA:0,(anonymous_7)
DA:1,1
DA:2,1
DA:6,1
DA:9,1
DA:10,1
DA:13,0
DA:17,0
DA:21,0
DA:25,0
DA:29,0
DA:33,0
DA:35,0
DA:36,0
LF:13
LH:5
BRF:0
BRH:0
end_of_record
TN:
SF:src\app\store\app.states.ts
FNF:0
FNH:0
DA:1,6
DA:2,6
DA:4,6
DA:13,6
DA:18,6
DA:19,6
LF:6
LH:6
BRF:0
BRH:0
end_of_record
TN:
SF:src\app\store\actions\auth.actions.ts
FN:6,(anonymous_0)
FN:18,(anonymous_1)
FN:23,(anonymous_2)
FN:28,(anonymous_3)
FN:33,(anonymous_4)
FN:38,(anonymous_5)
FN:43,(anonymous_6)
FN:46,(anonymous_7)
FNF:8
FNH:1
FNDA:6,(anonymous_0)
FNDA:0,(anonymous_1)
FNDA:0,(anonymous_2)
FNDA:0,(anonymous_3)
FNDA:0,(anonymous_4)
FNDA:0,(anonymous_5)
FNDA:0,(anonymous_6)
FNDA:0,(anonymous_7)
DA:6,6
DA:7,6
DA:8,6
DA:9,6
DA:10,6
DA:11,6
DA:12,6
DA:13,6
DA:16,6
DA:17,0
DA:18,0
DA:21,6
DA:22,0
DA:23,0
DA:26,6
DA:27,0
DA:28,0
DA:31,6
DA:32,0
DA:33,0
DA:36,6
DA:37,0
DA:38,0
DA:41,6
DA:42,0
DA:43,0
DA:46,6
DA:47,0
LF:28
LH:15
BRDA:6,0,0,6
BRDA:6,0,1,6
BRF:2
BRH:2
end_of_record
TN:
SF:src\app\store\actions\music.actions.ts
FN:14,(anonymous_0)
FN:15,(anonymous_1)
FN:23,(anonymous_2)
FN:29,(anonymous_3)
FN:34,(anonymous_4)
FN:40,(anonymous_5)
FN:46,(anonymous_6)
FN:51,(anonymous_7)
FN:54,(anonymous_8)
FNF:9
FNH:1
FNDA:1,(anonymous_0)
FNDA:0,(anonymous_1)
FNDA:0,(anonymous_2)
FNDA:0,(anonymous_3)
FNDA:0,(anonymous_4)
FNDA:0,(anonymous_5)
FNDA:0,(anonymous_6)
FNDA:0,(anonymous_7)
FNDA:0,(anonymous_8)
DA:5,7
DA:6,7
DA:7,7
DA:8,7
DA:9,7
DA:10,7
DA:11,7
DA:12,7
DA:14,7
DA:16,0
DA:18,1
DA:21,7
DA:22,0
DA:23,0
DA:26,7
DA:27,0
DA:29,0
DA:32,7
DA:33,0
DA:34,0
DA:37,7
DA:38,0
DA:40,0
DA:43,7
DA:44,0
DA:46,0
DA:49,7
DA:50,0
DA:51,0
DA:54,7
DA:55,0
LF:31
LH:17
BRF:0
BRH:0
end_of_record
TN:
SF:src\app\store\reducers\auth.reducers.ts
FN:17,reducer
FNF:1
FNH:0
FNDA:0,reducer
DA:2,6
DA:11,6
DA:17,6
DA:18,0
DA:20,0
DA:31,0
DA:37,0
DA:48,0
DA:51,0
LF:9
LH:3
BRDA:17,0,0,0
BRDA:19,1,0,0
BRDA:19,1,1,0
BRDA:19,1,2,0
BRDA:19,1,3,0
BRDA:19,1,4,0
BRF:6
BRH:0
end_of_record
TN:
SF:src\app\store\reducers\music.reducers.ts
FN:19,musicReducer
FNF:1
FNH:0
FNDA:0,musicReducer
DA:2,6
DA:13,6
DA:19,6
DA:26,0
DA:29,0
DA:34,0
DA:40,0
DA:45,0
DA:50,0
DA:56,0
DA:61,0
DA:68,0
LF:12
LH:3
BRDA:20,0,0,0
BRDA:28,1,0,0
BRDA:28,1,1,0
BRDA:28,1,2,0
BRDA:28,1,3,0
BRDA:28,1,4,0
BRDA:28,1,5,0
BRDA:28,1,6,0
BRDA:28,1,7,0
BRF:9
BRH:0
end_of_record
