TN:
SF:src\app\app.component.html
FNF:0
FNH:0
DA:1,1
LF:1
LH:1
BRF:0
BRH:0
end_of_record
TN:
SF:src\app\app.component.ts
FN:8,(anonymous_0)
FNF:1
FNH:1
FNDA:1,(anonymous_0)
DA:1,1
DA:8,1
DA:9,1
LF:3
LH:3
BRF:0
BRH:0
end_of_record
TN:
SF:src\app\theme-color.ts
FNF:0
FNH:0
DA:6,2
DA:15,2
LF:2
LH:2
BRF:0
BRH:0
end_of_record
TN:
SF:src\app\components\Music\add-music\add-music.component.html
FNF:0
FNH:0
DA:1,1
LF:1
LH:1
BRF:0
BRH:0
end_of_record
TN:
SF:src\app\components\Music\add-music\add-music.component.ts
FN:17,(anonymous_0)
FN:26,(anonymous_1)
FN:30,(anonymous_2)
FNF:3
FNH:2
FNDA:1,(anonymous_0)
FNDA:1,(anonymous_1)
FNDA:0,(anonymous_2)
DA:1,1
DA:3,1
DA:7,1
DA:8,1
DA:15,1
DA:17,1
DA:18,1
DA:19,1
DA:31,0
DA:35,0
DA:36,0
DA:37,0
LF:12
LH:8
BRF:0
BRH:0
end_of_record
TN:
SF:src\app\components\Music\edit-music\edit-music.component.html
FNF:0
FNH:0
DA:1,1
LF:1
LH:1
BRF:0
BRH:0
end_of_record
TN:
SF:src\app\components\Music\edit-music\edit-music.component.ts
FN:26,(anonymous_0)
FN:35,(anonymous_1)
FN:38,(anonymous_2)
FN:48,(anonymous_3)
FN:55,(anonymous_4)
FNF:5
FNH:2
FNDA:1,(anonymous_0)
FNDA:1,(anonymous_1)
FNDA:0,(anonymous_2)
FNDA:0,(anonymous_3)
FNDA:0,(anonymous_4)
DA:1,1
DA:2,1
DA:3,1
DA:5,1
DA:6,1
DA:9,1
DA:10,1
DA:17,1
DA:27,1
DA:28,1
DA:29,1
DA:30,1
DA:31,1
DA:33,1
DA:37,1
DA:38,1
DA:39,0
DA:42,1
DA:47,1
DA:49,0
DA:50,0
DA:56,0
DA:60,0
DA:61,0
DA:62,0
LF:25
LH:18
BRF:0
BRH:0
end_of_record
TN:
SF:src\app\components\Music\list-music\list-music.component.html
FNF:0
FNH:0
DA:1,1
LF:1
LH:1
BRF:0
BRH:0
end_of_record
TN:
SF:src\app\components\Music\list-music\list-music.component.ts
FN:20,(anonymous_0)
FN:23,(anonymous_1)
FN:26,(anonymous_2)
FN:32,(anonymous_3)
FN:33,(anonymous_4)
FN:34,(anonymous_5)
FNF:6
FNH:3
FNDA:1,(anonymous_0)
FNDA:1,(anonymous_1)
FNDA:1,(anonymous_2)
FNDA:0,(anonymous_3)
FNDA:0,(anonymous_4)
FNDA:0,(anonymous_5)
DA:1,1
DA:2,1
DA:3,1
DA:4,1
DA:5,1
DA:13,1
DA:16,1
DA:20,1
DA:21,1
DA:25,1
DA:26,1
DA:27,1
DA:33,0
DA:34,0
LF:14
LH:12
BRF:0
BRH:0
end_of_record
TN:
SF:src\app\components\landing\landing.component.html
FNF:0
FNH:0
DA:1,1
LF:1
LH:1
BRF:0
BRH:0
end_of_record
TN:
SF:src\app\components\landing\landing.component.ts
FN:25,(anonymous_0)
FN:30,(anonymous_1)
FN:31,(anonymous_2)
FN:40,(anonymous_3)
FN:45,(anonymous_4)
FNF:5
FNH:3
FNDA:1,(anonymous_0)
FNDA:1,(anonymous_1)
FNDA:1,(anonymous_2)
FNDA:0,(anonymous_3)
FNDA:0,(anonymous_4)
DA:1,1
DA:2,1
DA:4,1
DA:8,1
DA:9,1
DA:16,1
DA:20,1
DA:21,1
DA:26,1
DA:27,1
DA:31,1
DA:32,1
DA:33,0
DA:34,0
DA:35,0
DA:39,1
DA:41,0
DA:46,0
LF:18
LH:13
BRDA:32,0,0,0
BRDA:32,0,1,1
BRF:2
BRH:1
end_of_record
TN:
SF:src\app\components\log-in\log-in.component.html
FNF:0
FNH:0
DA:1,1
LF:1
LH:1
BRF:0
BRH:0
end_of_record
TN:
SF:src\app\components\log-in\log-in.component.ts
FN:23,(anonymous_0)
FN:28,(anonymous_1)
FN:29,(anonymous_2)
FN:36,(anonymous_3)
FN:37,(anonymous_4)
FN:39,(anonymous_5)
FN:48,(anonymous_6)
FNF:7
FNH:3
FNDA:1,(anonymous_0)
FNDA:1,(anonymous_1)
FNDA:1,(anonymous_2)
FNDA:0,(anonymous_3)
FNDA:0,(anonymous_4)
FNDA:0,(anonymous_5)
FNDA:0,(anonymous_6)
DA:1,1
DA:2,1
DA:5,1
DA:6,1
DA:7,1
DA:8,1
DA:15,1
DA:17,1
DA:21,1
DA:23,1
DA:25,1
DA:29,1
DA:30,1
DA:31,0
DA:37,0
DA:38,0
DA:39,0
DA:40,0
DA:41,0
DA:45,0
DA:47,0
DA:48,0
DA:49,0
LF:23
LH:13
BRDA:30,0,0,0
BRDA:30,0,1,1
BRDA:39,1,0,0
BRDA:39,1,1,0
BRDA:40,2,0,0
BRDA:40,2,1,0
BRF:6
BRH:1
end_of_record
TN:
SF:src\app\components\sign-up\sign-up.component.html
FNF:0
FNH:0
DA:1,1
LF:1
LH:1
BRF:0
BRH:0
end_of_record
TN:
SF:src\app\components\sign-up\sign-up.component.ts
FN:19,(anonymous_0)
FN:25,(anonymous_1)
FN:26,(anonymous_2)
FN:32,(anonymous_3)
FNF:4
FNH:3
FNDA:1,(anonymous_0)
FNDA:1,(anonymous_1)
FNDA:1,(anonymous_2)
FNDA:0,(anonymous_3)
DA:1,1
DA:2,1
DA:4,1
DA:5,1
DA:6,1
DA:13,1
DA:15,1
DA:20,1
DA:22,1
DA:26,1
DA:27,1
DA:28,0
DA:33,0
DA:37,0
LF:14
LH:11
BRDA:27,0,0,0
BRDA:27,0,1,1
BRF:2
BRH:1
end_of_record
TN:
SF:src\app\header\header.component.html
FNF:0
FNH:0
DA:1,1
LF:1
LH:1
BRF:0
BRH:0
end_of_record
TN:
SF:src\app\header\header.component.ts
FN:26,(anonymous_0)
FN:30,(anonymous_1)
FN:31,(anonymous_2)
FN:40,(anonymous_3)
FN:48,(anonymous_4)
FNF:5
FNH:4
FNDA:3,(anonymous_0)
FNDA:3,(anonymous_1)
FNDA:3,(anonymous_2)
FNDA:2,(anonymous_3)
FNDA:0,(anonymous_4)
DA:1,1
DA:2,1
DA:3,1
DA:7,1
DA:8,1
DA:9,1
DA:17,1
DA:22,3
DA:23,3
DA:24,3
DA:26,3
DA:27,3
DA:31,3
DA:32,3
DA:33,0
DA:34,0
DA:35,0
DA:41,2
DA:42,1
DA:44,1
DA:49,0
DA:50,0
LF:22
LH:17
BRDA:32,0,0,0
BRDA:32,0,1,3
BRDA:41,1,0,1
BRDA:41,1,1,1
BRF:4
BRH:3
end_of_record
TN:
SF:src\app\models\user.ts
FNF:0
FNH:0
DA:1,3
LF:1
LH:1
BRF:0
BRH:0
end_of_record
TN:
SF:src\app\services\auth.service.ts
FN:33,(anonymous_0)
FN:18,(anonymous_1)
FN:21,(anonymous_2)
FN:24,(anonymous_3)
FN:42,(anonymous_4)
FN:50,(anonymous_5)
FN:57,(anonymous_6)
FN:64,(anonymous_7)
FN:72,(anonymous_8)
FN:79,(anonymous_9)
FN:87,(anonymous_10)
FN:95,(anonymous_11)
FN:103,(anonymous_12)
FNF:13
FNH:4
FNDA:7,(anonymous_0)
FNDA:0,(anonymous_1)
FNDA:7,(anonymous_2)
FNDA:0,(anonymous_3)
FNDA:0,(anonymous_4)
FNDA:0,(anonymous_5)
FNDA:0,(anonymous_6)
FNDA:1,(anonymous_7)
FNDA:2,(anonymous_8)
FNDA:0,(anonymous_9)
FNDA:0,(anonymous_10)
FNDA:0,(anonymous_11)
FNDA:0,(anonymous_12)
DA:1,8
DA:2,8
DA:3,8
DA:4,8
DA:8,8
DA:13,8
DA:15,7
DA:19,0
DA:22,7
DA:25,0
DA:28,7
DA:33,7
DA:34,7
DA:43,0
DA:44,0
DA:51,0
DA:52,0
DA:58,0
DA:59,0
DA:65,1
DA:66,1
DA:73,2
DA:74,2
DA:80,0
DA:81,0
DA:88,0
DA:89,0
DA:96,0
DA:97,0
DA:104,0
DA:105,0
DA:107,0
DA:110,0
DA:112,0
DA:113,0
LF:35
LH:15
BRDA:105,0,0,0
BRDA:105,0,1,0
BRF:2
BRH:0
end_of_record
TN:
SF:src\app\services\theme-color.service.ts
FN:8,(anonymous_0)
FN:12,(anonymous_1)
FN:16,(anonymous_2)
FN:20,(anonymous_3)
FN:24,(anonymous_4)
FN:28,(anonymous_5)
FN:32,(anonymous_6)
FN:35,(anonymous_7)
FNF:8
FNH:5
FNDA:4,(anonymous_0)
FNDA:0,(anonymous_1)
FNDA:0,(anonymous_2)
FNDA:0,(anonymous_3)
FNDA:1,(anonymous_4)
FNDA:1,(anonymous_5)
FNDA:2,(anonymous_6)
FNDA:6,(anonymous_7)
DA:1,2
DA:2,2
DA:6,2
DA:9,4
DA:10,4
DA:13,0
DA:17,0
DA:21,0
DA:25,1
DA:29,1
DA:33,2
DA:35,2
DA:36,6
LF:13
LH:10
BRF:0
BRH:0
end_of_record
TN:
SF:src\app\store\app.states.ts
FNF:0
FNH:0
DA:1,6
DA:2,6
DA:4,6
DA:13,6
DA:18,6
DA:19,6
LF:6
LH:6
BRF:0
BRH:0
end_of_record
TN:
SF:src\app\store\actions\auth.actions.ts
FN:6,(anonymous_0)
FN:18,(anonymous_1)
FN:23,(anonymous_2)
FN:28,(anonymous_3)
FN:33,(anonymous_4)
FN:38,(anonymous_5)
FN:43,(anonymous_6)
FN:46,(anonymous_7)
FNF:8
FNH:8
FNDA:7,(anonymous_0)
FNDA:1,(anonymous_1)
FNDA:1,(anonymous_2)
FNDA:1,(anonymous_3)
FNDA:1,(anonymous_4)
FNDA:1,(anonymous_5)
FNDA:1,(anonymous_6)
FNDA:1,(anonymous_7)
DA:6,7
DA:7,7
DA:8,7
DA:9,7
DA:10,7
DA:11,7
DA:12,7
DA:13,7
DA:16,7
DA:17,1
DA:18,1
DA:21,7
DA:22,1
DA:23,1
DA:26,7
DA:27,1
DA:28,1
DA:31,7
DA:32,1
DA:33,1
DA:36,7
DA:37,1
DA:38,1
DA:41,7
DA:42,1
DA:43,1
DA:46,7
DA:47,1
LF:28
LH:28
BRDA:6,0,0,7
BRDA:6,0,1,7
BRF:2
BRH:2
end_of_record
TN:
SF:src\app\store\actions\music.actions.ts
FN:14,(anonymous_0)
FN:15,(anonymous_1)
FN:23,(anonymous_2)
FN:29,(anonymous_3)
FN:34,(anonymous_4)
FN:40,(anonymous_5)
FN:46,(anonymous_6)
FN:51,(anonymous_7)
FN:54,(anonymous_8)
FNF:9
FNH:2
FNDA:1,(anonymous_0)
FNDA:0,(anonymous_1)
FNDA:0,(anonymous_2)
FNDA:0,(anonymous_3)
FNDA:0,(anonymous_4)
FNDA:0,(anonymous_5)
FNDA:0,(anonymous_6)
FNDA:0,(anonymous_7)
FNDA:1,(anonymous_8)
DA:5,8
DA:6,8
DA:7,8
DA:8,8
DA:9,8
DA:10,8
DA:11,8
DA:12,8
DA:14,8
DA:16,0
DA:18,1
DA:21,8
DA:22,0
DA:23,0
DA:26,8
DA:27,0
DA:29,0
DA:32,8
DA:33,0
DA:34,0
DA:37,8
DA:38,0
DA:40,0
DA:43,8
DA:44,0
DA:46,0
DA:49,8
DA:50,0
DA:51,0
DA:54,8
DA:55,1
LF:31
LH:18
BRF:0
BRH:0
end_of_record
TN:
SF:src\app\store\reducers\auth.reducers.ts
FN:17,reducer
FNF:1
FNH:0
FNDA:0,reducer
DA:2,6
DA:11,6
DA:17,6
DA:18,0
DA:20,0
DA:31,0
DA:37,0
DA:48,0
DA:51,0
LF:9
LH:3
BRDA:17,0,0,0
BRDA:19,1,0,0
BRDA:19,1,1,0
BRDA:19,1,2,0
BRDA:19,1,3,0
BRDA:19,1,4,0
BRF:6
BRH:0
end_of_record
TN:
SF:src\app\store\reducers\music.reducers.ts
FN:19,musicReducer
FNF:1
FNH:0
FNDA:0,musicReducer
DA:2,6
DA:13,6
DA:19,6
DA:26,0
DA:29,0
DA:34,0
DA:40,0
DA:45,0
DA:50,0
DA:56,0
DA:61,0
DA:68,0
LF:12
LH:3
BRDA:20,0,0,0
BRDA:28,1,0,0
BRDA:28,1,1,0
BRDA:28,1,2,0
BRDA:28,1,3,0
BRDA:28,1,4,0
BRDA:28,1,5,0
BRDA:28,1,6,0
BRDA:28,1,7,0
BRF:9
BRH:0
end_of_record
TN:
SF:src\environments\environment.ts
FNF:0
FNH:0
DA:8,8
LF:1
LH:1
BRF:0
BRH:0
end_of_record
